TN:
SF:/home/travis/build/DepartmentOfHealth-htbhf/htbhf-applicant-web-ui/src/config/redis/redis.js
FN:1,(anonymous_0)
FN:7,(anonymous_1)
FNF:2
FNH:2
FNDA:2,(anonymous_0)
FNDA:3,(anonymous_1)
DA:1,1
DA:2,2
DA:7,1
DA:8,3
DA:10,3
DA:11,2
DA:12,2
DA:13,1
DA:14,1
DA:15,6
DA:17,1
DA:20,3
DA:23,1
LF:13
LH:13
BRDA:2,0,0,2
BRDA:2,0,1,2
BRDA:2,0,2,1
BRDA:10,1,0,2
BRDA:10,1,1,1
BRDA:10,2,0,3
BRDA:10,2,1,3
BRDA:12,3,0,1
BRDA:12,3,1,1
BRF:9
BRH:9
end_of_record
TN:
SF:/home/travis/build/DepartmentOfHealth-htbhf/htbhf-applicant-web-ui/src/test/unit/setup.js
FNF:0
FNH:0
DA:1,1
DA:2,1
DA:4,1
LF:3
LH:3
BRF:0
BRH:0
end_of_record
TN:
SF:/home/travis/build/DepartmentOfHealth-htbhf/htbhf-applicant-web-ui/src/web/routes/application/confirm/post.js
FN:4,(anonymous_0)
FN:4,(anonymous_1)
FNF:2
FNH:2
FNDA:2,(anonymous_0)
FNDA:2,(anonymous_1)
DA:1,1
DA:2,1
DA:4,2
DA:5,2
DA:6,2
DA:7,1
DA:15,1
DA:16,1
DA:18,1
DA:19,1
DA:20,1
DA:24,1
LF:12
LH:12
BRF:0
BRH:0
end_of_record
TN:
SF:/home/travis/build/DepartmentOfHealth-htbhf/htbhf-applicant-web-ui/src/web/routes/application/enter-name/sanitize.js
FN:5,(anonymous_0)
FNF:1
FNH:0
FNDA:0,(anonymous_0)
DA:1,1
DA:3,1
DA:5,1
DA:6,0
DA:7,0
DA:10,1
LF:6
LH:4
BRF:0
BRH:0
end_of_record
TN:
SF:/home/travis/build/DepartmentOfHealth-htbhf/htbhf-applicant-web-ui/src/web/server/error-handlers.js
FN:3,(anonymous_0)
FN:8,(anonymous_1)
FN:13,(anonymous_2)
FNF:3
FNH:1
FNDA:0,(anonymous_0)
FNDA:1,(anonymous_1)
FNDA:0,(anonymous_2)
DA:1,1
DA:3,1
DA:4,0
DA:5,0
DA:8,1
DA:9,1
DA:10,1
DA:13,1
DA:14,0
DA:15,0
DA:18,1
LF:11
LH:7
BRF:0
BRH:0
end_of_record
TN:
SF:/home/travis/build/DepartmentOfHealth-htbhf/htbhf-applicant-web-ui/src/web/server/session/session.js
FN:7,(anonymous_0)
FN:11,(anonymous_1)
FN:11,(anonymous_2)
FN:20,(anonymous_3)
FN:29,(anonymous_4)
FN:49,(anonymous_5)
FNF:6
FNH:2
FNDA:0,(anonymous_0)
FNDA:0,(anonymous_1)
FNDA:0,(anonymous_2)
FNDA:2,(anonymous_3)
FNDA:2,(anonymous_4)
FNDA:0,(anonymous_5)
DA:1,1
DA:2,1
DA:3,1
DA:4,1
DA:5,1
DA:7,1
DA:8,0
DA:11,1
DA:12,0
DA:13,0
DA:20,1
DA:21,2
DA:22,1
DA:23,1
DA:24,1
DA:26,1
DA:29,1
DA:30,2
DA:41,2
DA:42,1
DA:44,2
DA:46,2
DA:49,1
DA:50,0
DA:51,0
DA:52,0
DA:54,0
DA:55,0
DA:57,0
DA:58,0
DA:61,1
LF:31
LH:21
BRDA:21,0,0,1
BRDA:21,0,1,1
BRDA:41,1,0,1
BRDA:41,1,1,1
BRF:4
BRH:4
end_of_record
TN:
SF:/home/travis/build/DepartmentOfHealth-htbhf/htbhf-applicant-web-ui/src/web/server/view-engine/filters.js
FN:3,(anonymous_0)
FN:5,(anonymous_1)
FN:12,(anonymous_2)
FN:13,(anonymous_3)
FN:15,(anonymous_4)
FNF:5
FNH:5
FNDA:3,(anonymous_0)
FNDA:2,(anonymous_1)
FNDA:3,(anonymous_2)
FNDA:4,(anonymous_3)
FNDA:3,(anonymous_4)
DA:1,1
DA:3,3
DA:5,2
DA:10,1
DA:12,1
DA:13,4
DA:15,1
DA:16,3
DA:18,3
DA:23,1
LF:10
LH:10
BRDA:13,0,0,1
BRDA:13,0,1,2
BRDA:18,1,0,1
BRDA:18,1,1,2
BRF:4
BRH:4
end_of_record
